2021-09-08T17:28:41.682Z/createRoom?room_id=20&room_number=034&room_type=superior&room_price=1600&status=occupied%20clean
2021-09-08T17:30:11.301Z/createRoom?room_id=20&room_number=034&room_type=superior&room_price=1600&status=occupied%20clean
2021-09-08T17:32:15.337Z/createRoom?room_id=20&room_number=034&room_type=superior&room_price=1600&status=occupied%20clean
2021-09-08T17:35:13.509Z/createRoom?room_id=20&room_number=034&room_type=superior&room_price=1600&status=occupied%20clean
2021-09-08T17:37:44.740Z/createRoom?room_id=20&room_number=034&room_type=superior&room_price=1600&status=occupied%20clean
2021-09-08T17:37:57.848Z/createRoom?room_id=20&room_number=034&room_type=superior&room_price=1600&status=occupied%20clean
2021-09-08T17:38:18.515Z/createRoom?room_id=20&room_number=034&room_type=superior&room_price=1600&status=occupied%20clean
2021-09-08T17:40:54.212Z/?room_id=20&room_number=034&room_type=superior&room_price=1600&status=occupied
2021-09-08T17:44:05.286Z/createRoom?room_id=20&room_number=034&room_type=superior&room_price=1600&status=occupied%20clean
2021-09-09T04:12:11.910Z/createRoom?room_id=20&room_number=034&room_type=superior&room_price=1600&status=occupied%20clean
2021-09-09T04:13:14.656Z/createRoom?room_id=20&room_number=034&room_type=superior&room_price=1600&status=occupied%20clean
2021-09-09T04:15:57.818Z/createRoom?room_id=20&room_number=034&room_type=superior&room_price=1600&status=occupied%20clean
2021-09-09T04:19:49.930Z/createRoom?room_id=20&room_number=034&room_type=superior&room_price=1600&status=occupied%20clean
2021-09-09T04:32:05.140Z/createRoom?room_id=2
2021-09-09T04:33:12.912Z/deleteRoom?room_id=2
2021-09-09T04:33:44.277Z/deleteRoom?room_id=4
2021-09-09T04:35:33.003Z/deleteRoom?room_id=2
2021-09-09T04:40:29.475Z/deleteRoom?room_id=4
2021-09-09T04:41:09.679Z/deleteRoom?room_id=4
2021-09-09T04:41:53.475Z/deleteRoom?room_id=4
2021-09-09T04:42:25.641Z/deleteRoom?room_id=4
2021-09-09T04:55:37.124Z/createCustomer?customer_id=8&customer_name=Gunny&customer_address=Los%20Angeles,%20United%20States&customer_phone=0972365401
2021-09-09T04:57:53.141Z/createCustomer?customer_id=8&customer_name=Gunny&customer_address=Los%20Angeles,%20United%20States&customer_phone=0972365401
2021-09-09T04:58:41.659Z/createCustomer?customer_id=8&customer_name=Gunny&customer_address=Los%20Angeles,%20United%20States&customer_phone=0972365401
2021-09-09T04:58:46.651Z/createCustomer?customer_id=8&customer_name=Gunny&customer_address=Los%20Angeles,%20United%20States&customer_phone=0972365401
2021-09-09T04:58:49.537Z/createCustomer?customer_id=8&customer_name=Gunny&customer_address=Los%20Angeles,%20United%20States&customer_phone=0972365401
2021-09-09T04:59:07.517Z/createCustomer?customer_id=8&customer_name=Gunny&customer_address=Los%20Angeles,%20United%20States&customer_phone=0972365401
2021-09-09T05:06:06.710Z/createbooking?booking_id=6&customer_id=7&room_id=7&date_in=2021-09-08&date_out=2021-09-10
2021-09-09T05:06:18.600Z/createBooking?booking_id=6&customer_id=7&room_id=7&date_in=2021-09-08&date_out=2021-09-10
2021-09-09T05:06:44.084Z/createBooking?booking_id=6&customer_id=7&room_id=7&date_in=2021-09-08&date_out=2021-09-10
2021-09-09T05:06:54.780Z/createBooking?booking_id=6&customer_id=7&room_id=7&date_in=2021-09-08&date_out=2021-09-10
2021-09-09T05:07:31.480Z/createBooking?booking_id=6&customer_id=7&room_id=7&date_in=2021-09-08&date_out=2021-09-10
2021-09-09T05:16:27.745Z/deleteBooking?booking_id=4
2021-09-09T05:19:31.416Z/deleteBooking?booking_id=4
2021-09-09T05:23:34.830Z/checkBooking?booking_id=4
2021-09-09T05:24:42.661Z/deleteBooking?booking_id=4
2021-09-09T05:24:58.089Z/deleteBooking?booking_id=4
2021-09-09T05:25:04.970Z/deleteBooking?booking_id=4
2021-09-09T05:25:12.104Z/deleteBooking?booking_id=4
2021-09-09T05:26:15.079Z/deleteBooking?booking_id=3
2021-09-09T05:26:22.715Z/deleteBooking?booking_id=3
2021-09-09T05:28:40.370Z/deleteBooking?booking_id=3
2021-09-09T05:29:13.051Z/deleteBooking?booking_id=3
2021-09-09T05:32:45.800Z/createRoom?room_id=7&room_number=027&room_type=deluxe&room_price=2200&status=occupied%20clean
2021-09-09T05:34:48.234Z/createRoom?room_id=7&room_number=%22027%22&room_type=%22deluxe%22&room_price=2200&status=%22occupied%20clean%22
2021-09-09T05:35:30.496Z/createRoom?room_id=7&room_number=027&room_type=deluxe&room_price=2200&status=occupied%20clean
2021-09-09T05:36:00.028Z/checkBooking?booking_id=4
2021-09-09T05:38:26.954Z/createRoom?room_id=7&room_number=027&room_type=deluxe&room_price=2200&status=occupied%20clean
2021-09-09T05:39:21.627Z/createRoom?room_id=7&room_number=027&room_type=deluxe&room_price=2200&status=occupied%20clean
2021-09-09T05:40:05.377Z/createCustomer?customer_id=8&customer_name=Gunny&customer_address=Los%20Angeles,%20United%20States&customer_phone=0972365401
2021-09-09T05:40:54.599Z/createCustomer?customer_id=8&customer_name=Gunny&customer_address=Los%20Angeles,%20United%20States&customer_phone=0972365401
2021-09-09T05:42:02.564Z/checkBooking?booking_id=4
2021-09-09T05:44:02.327Z/createBooking?booking_id=6&customer_id=7&room_id=7&date_in=2021-09-08&date_out=2021-09-10
2021-09-09T05:49:27.263Z/createBooking?booking_id=6&customer_id=7&room_id=7&date_in=2021-09-08&date_out=2021-09-10
2021-09-09T05:49:49.690Z/checkBooking?booking_id=4
2021-09-09T05:50:18.977Z/checkBooking?booking_id=4
2021-09-09T05:53:00.545Z/deleteBooking?booking_id=3
2021-09-09T05:53:06.247Z/deleteBooking?booking_id=3
2021-09-09T05:53:14.622Z/deleteBooking?booking_id=3
2021-09-09T05:53:16.178Z/deleteBooking?booking_id=3
2021-09-09T06:00:59.169Z/deleteBooking?booking_id=3
2021-09-09T06:01:02.584Z/deleteBooking?booking_id=3
2021-09-09T06:07:08.719Z/deleteBooking?booking_id=3
2021-09-09T06:07:16.816Z/deleteBooking?booking_id=3
2021-09-09T07:58:29.512Z/createBooking?booking_id=6&customer_id=7&room_id=7&date_in=2021-09-08&date_out=2021-09-10
2021-09-09T07:59:12.920Z/createBooking?booking_id=6&customer_id=7&room_id=7&date_in=2021-09-08&date_out=2021-09-10
2021-09-09T08:06:58.531Z/createBooking?booking_id=6&customer_id=7&room_id=7&date_in=2021-09-08&date_out=2021-09-10
2021-09-09T08:07:08.178Z/createBooking?booking_id=6&customer_id=7&room_id=7&date_in=2021-09-08&date_out=2021-09-10
2021-09-09T08:17:39.155Z/createBooking?booking_id=6&customer_id=7&room_id=7&date_in=2021-09-08&date_out=2021-09-10
2021-09-09T09:45:34.723Z/createBooking?booking_id=6&customer_id=7&room_id=7&date_in=2021-09-08&date_out=2021-09-10
2021-09-09T09:47:07.705Z/createBooking?booking_id=6&customer_id=7&room_id=7&date_in=2021-09-08&date_out=2021-09-10
2021-09-09T10:18:44.519Z/createRoom?room_id=7&room_number=027&room_type=deluxe&room_price=2200&status=occupied%20clean
2021-09-09T10:18:50.306Z/createRoom?room_id=7&room_number=027&room_type=deluxe&room_price=2200&status=occupied%20clean
2021-09-09T10:20:16.429Z/createRoom?room_id=7&room_number=027&room_type=deluxe&room_price=2200&status=occupied%20clean
2021-09-09T10:20:20.712Z/createRoom?room_id=7&room_number=027&room_type=deluxe&room_price=2200&status=occupied%20clean
2021-09-09T10:21:17.194Z/checkBooking?booking_id=4
2021-09-09T10:21:36.535Z/checkBooking?booking_id=4
2021-09-09T10:22:26.418Z/checkBooking?booking_id=4
2021-09-09T10:25:54.260Z/checkBooking?booking_id=4
2021-09-09T10:26:00.124Z/checkBooking?booking_id=4
2021-09-09T10:26:11.847Z/checkBooking?booking_id=8
2021-09-09T11:22:59.450Z/createRoom?room_id=7&room_number=127&room_type=deluxe&room_price=2200&status=occupied%20clean
2021-09-09T11:23:25.767Z/createRoom?room_id=7&room_number=027&room_type=deluxe&room_price=2200&status=occupied%20clean
2021-09-09T11:23:34.686Z/createRoom?room_id=7&room_number=027&room_type=deluxe&room_price=2200&status=occupied%20clean
2021-09-09T11:24:49.656Z/createRoom?room_id=7&room_number=127&room_type=deluxe&room_price=2200&status=occupied%20clean
2021-09-09T11:25:14.206Z/createRoom?room_id=7&room_number=027&room_type=deluxe&room_price=2200&status=occupied%20clean
2021-09-09T11:25:23.226Z/createRoom?room_id=7&room_number=027&room_type=deluxe&room_price=2200&status=occupied%20clean
2021-09-09T13:45:37.957Z/createRoom?room_id=7&room_number=027&room_type=deluxe2&room_price=2200&status=occupied%20clean
2021-09-09T13:45:49.033Z/createRoom?room_id=7&room_number=027&room_type=deluxe&room_price=2200&status=occupied%20clean2
2021-09-09T13:45:53.460Z/createRoom?room_id=7&room_number=027&room_type=deluxe&room_price=2200&status=occupied%20clean
2021-09-09T14:13:32.809Z/createCustomer?customer_id=8&customer_name=Gunny&customer_address=Los%20Angeles,%20United%20States&customer_phone=0972365401
2021-09-09T14:16:42.314Z/createCustomer?customer_id=8&customer_name=Gunny&customer_address=Los%20Angeles,%20United%20States&customer_phone=0972365401
2021-09-09T14:17:09.668Z/createCustomer?customer_id=8&customer_name=gunny&customer_address=Los%20Angeles,%20United%20States&customer_phone=0972365401
2021-09-09T14:17:19.537Z/createCustomer?customer_id=8&customer_name=gunny&customer_address=Los%20Angeles,%20United%20States&customer_phone=0972365401
2021-09-09T14:17:45.158Z/createCustomer?customer_id=8&customer_name=Gunny&customer_address=los%20Angeles,%20United%20States&customer_phone=0972365401
2021-09-09T14:18:05.738Z/createCustomer?customer_id=8&customer_name=Gunny&customer_address=Los%20Angeles,%20United%20States&customer_phone=0972365401
2021-09-09T14:18:10.352Z/createCustomer?customer_id=8&customer_name=Gunny&customer_address=Los%20Angeles,%20United%20States&customer_phone=0972365401
2021-09-09T14:23:02.453Z/createCustomer?customer_id=8&customer_name=Gunny&customer_address=Los%20Angeles,%20United%20States&customer_phone=0972365401
2021-09-09T14:23:34.854Z/createCustomer?customer_id=8&customer_name=Gunny&customer_address=Los%20Angeles,%20United%20States&customer_phone=0972365401
2021-09-09T14:23:41.004Z/createCustomer?customer_id=8&customer_name=gunny&customer_address=Los%20Angeles,%20United%20States&customer_phone=0972365401
2021-09-09T14:23:52.363Z/createRoom?room_id=7&room_number=027&room_type=deluxe&room_price=2200&status=occupied%20clean
2021-09-09T14:24:03.774Z/createRoom?room_id=7&room_number=027&room_type=deluxe&room_price=2200&status=occupied%20clean
2021-09-09T14:24:20.922Z/createRoom?room_id=7&room_number=127&room_type=deluxe&room_price=2200&status=occupied%20clean
2021-09-09T14:24:26.884Z/createRoom?room_id=7&room_number=027&room_type=deluxe&room_price=2200&status=occupied%20clean
2021-09-09T14:32:20.557Z/createBooking?booking_id=6&customer_id=7&room_id=7&date_in=021-09-08&date_out=2021-09-10
2021-09-09T14:33:24.077Z/createBooking?booking_id=6&customer_id=7&room_id=7&date_in=021-09-08&date_out=2021-09-10
2021-09-09T14:34:48.488Z/createBooking?booking_id=6&customer_id=7&room_id=7&date_in=021-09-08&date_out=2021-09-10
2021-09-09T14:35:01.075Z/createBooking?booking_id=6&customer_id=7&room_id=7&date_in=2021-09-08&date_out=021-09-10
2021-09-09T14:35:08.041Z/createBooking?booking_id=6&customer_id=7&room_id=7&date_in=2021-09-08&date_out=2021-09-10
2021-09-09T14:35:12.999Z/createBooking?booking_id=6&customer_id=7&room_id=7&date_in=2021-09-08&date_out=2021-09-10
2021-09-09T14:35:22.854Z/createBooking?booking_id=6&customer_id=7&room_id=7&date_in=2021-09-08&date_out=2021-09-10
2021-09-09T14:39:06.133Z/deleteBooking?booking_id=3
2021-09-09T14:39:19.924Z/deleteBooking?booking_id=3
2021-09-09T14:39:36.372Z/deleteBooking?booking_id=y
2021-09-09T14:39:45.155Z/deleteBooking?booking_id=3
2021-09-09T14:41:46.086Z/checkBooking?booking_id=8
2021-09-09T14:41:57.956Z/checkBooking?booking_id=
2021-09-09T14:42:01.444Z/checkBooking?booking_id=4
2021-09-09T14:42:27.450Z/deleteBooking?booking_id=3
2021-09-09T14:42:35.959Z/checkBooking?booking_id=3
2021-09-09T14:42:47.264Z/checkBooking?booking_id=4
2021-09-09T14:42:58.699Z/checkBooking?booking_id=y
2021-09-09T14:45:40.733Z/checkBooking?booking_id=y
2021-09-09T14:45:49.087Z/checkBooking?booking_id=y
2021-09-09T14:48:09.838Z/checkBooking?booking_id=3
2021-09-09T14:48:21.772Z/createCustomer?customer_id=8&customer_name=gunny&customer_address=Los%20Angeles,%20United%20States&customer_phone=0972365401
2021-09-09T14:48:33.600Z/createCustomer?customer_id=8&customer_name=Gunny&customer_address=Los%20Angeles,%20United%20States&customer_phone=0972365401
2021-09-09T14:48:39.663Z/createCustomer?customer_id=8&customer_name=Gunny&customer_address=Los%20Angeles,%20United%20States&customer_phone=0972365401
2021-09-09T14:49:02.896Z/createRoom?room_id=7&room_number=027&room_type=deluxe&room_price=2200&status=occupied%20clean
2021-09-09T14:49:10.729Z/createRoom?room_id=7&room_number=027&room_type=deluxe&room_price=2200&status=occupied%20clean
2021-09-09T14:49:19.427Z/createRoom?room_id=7&room_number=127&room_type=deluxe&room_price=2200&status=occupied%20clean
2021-09-09T14:49:29.294Z/createRoom?room_id=7&room_number=027&room_type=deluxe&room_price=2200&status=occupied%20clean
2021-09-09T14:50:27.227Z/createRoom?room_id=7&room_number=027&room_type=deluxe&room_price=2200&status=occupied%20clean
2021-09-09T14:50:32.865Z/createRoom?room_id=7&room_number=027&room_type=deluxe&room_price=2200&status=occupied%20clean
2021-09-09T14:50:40.199Z/createRoom?room_id=7&room_number=127&room_type=deluxe&room_price=2200&status=occupied%20clean
2021-09-09T14:50:48.001Z/createRoom?room_id=7&room_number=027&room_type=deluxe&room_price=2200&status=occupied%20clean
2021-09-09T14:51:33.757Z/createRoom?room_id=7&room_number=027&room_type=deluxe&room_price=2200&status=occupied%20clean
2021-09-09T14:51:39.496Z/createRoom?room_id=7&room_number=027&room_type=deluxe&room_price=2200&status=occupied%20clean
